Using pre-set license
Built from '2020.3/release' branch; Version is '2020.3.7f1 (dd97f2c94397) revision 14522354'; Using compiler version '192528614'; Build Type 'Release'
OS: 'Windows 10 Pro; OS build 19043.1110; Version 2009; 64bit' Language: 'en' Physical Memory: 32712 MB
BatchMode: 1, IsHumanControllingUs: 0, StartBugReporterOnCrash: 0, Is64bit: 1, IsPro: 0

 COMMAND LINE ARGUMENTS:
C:\Program Files\Unity\Hub\Editor\2020.3.7f1\Editor\Unity.exe
-adb2
-batchMode
-noUpm
-name
AssetImportWorker0
-projectPath
C:/Users/diego/Documents/GitHub/ApplePicker2020/ApplePicker2020
-logFile
Logs/AssetImportWorker0.log
-srvPort
55120
Successfully changed project path to: C:/Users/diego/Documents/GitHub/ApplePicker2020/ApplePicker2020
C:/Users/diego/Documents/GitHub/ApplePicker2020/ApplePicker2020
Using Asset Import Pipeline V2.
Refreshing native plugins compatible for Editor in 17.45 ms, found 0 plugins.
Preloading 0 native plugins for Editor in 0.00 ms.
Initialize engine version: 2020.3.7f1 (dd97f2c94397)
[Subsystems] Discovering subsystems at path C:/Program Files/Unity/Hub/Editor/2020.3.7f1/Editor/Data/Resources/UnitySubsystems
[Subsystems] Discovering subsystems at path C:/Users/diego/Documents/GitHub/ApplePicker2020/ApplePicker2020/Assets
GfxDevice: creating device client; threaded=0
Direct3D:
    Version:  Direct3D 11.0 [level 11.1]
    Renderer: NVIDIA GeForce GTX 1080 (ID=0x1b80)
    Vendor:   
    VRAM:     8079 MB
    Driver:   27.21.14.6627
Initialize mono
Mono path[0] = 'C:/Program Files/Unity/Hub/Editor/2020.3.7f1/Editor/Data/Managed'
Mono path[1] = 'C:/Program Files/Unity/Hub/Editor/2020.3.7f1/Editor/Data/MonoBleedingEdge/lib/mono/unityjit'
Mono config path = 'C:/Program Files/Unity/Hub/Editor/2020.3.7f1/Editor/Data/MonoBleedingEdge/etc'
Using monoOptions --debugger-agent=transport=dt_socket,embedding=1,server=y,suspend=n,address=127.0.0.1:56848
Begin MonoManager ReloadAssembly
Registering precompiled unity dll's ...
Register platform support module: C:/Program Files/Unity/Hub/Editor/2020.3.7f1/Editor/Data/PlaybackEngines/WindowsStandaloneSupport/UnityEditor.WindowsStandalone.Extensions.dll
Registered in 0.001615 seconds.
Native extension for WindowsStandalone target not found
Refreshing native plugins compatible for Editor in 18.47 ms, found 0 plugins.
Preloading 0 native plugins for Editor in 0.00 ms.
Mono: successfully reloaded assembly
- Completed reload, in  0.777 seconds
Platform modules already initialized, skipping
Registering precompiled user dll's ...
Registered in 0.000558 seconds.
Begin MonoManager ReloadAssembly
Native extension for WindowsStandalone target not found
Refreshing native plugins compatible for Editor in 0.23 ms, found 0 plugins.
Preloading 0 native plugins for Editor in 0.00 ms.
Mono: successfully reloaded assembly
- Completed reload, in  0.581 seconds
Platform modules already initialized, skipping
========================================================================
Worker process is ready to serve import requests
Launched and connected shader compiler UnityShaderCompiler.exe after 0.03 seconds
Refreshing native plugins compatible for Editor in 0.22 ms, found 0 plugins.
Preloading 0 native plugins for Editor in 0.00 ms.
Unloading 1119 Unused Serialized files (Serialized files now loaded: 0)
System memory in use before: 57.3 MB.
System memory in use after: 57.3 MB.

Unloading 10 unused Assets to reduce memory usage. Loaded Objects now: 1561.
Total: 1.638900 ms (FindLiveObjects: 0.152100 ms CreateObjectMapping: 0.039400 ms MarkObjects: 1.383800 ms  DeleteObjects: 0.062900 ms)

========================================================================
Received Import Request.
  path: Assets/__Scripts/ApplePicker.cs
  artifactKey: Guid(f2aab41a14859d2419aaaea7ff3acb2f) Importer(815301076,1909f56bfc062723c751e8b465ee728b)
Start importing Assets/__Scripts/ApplePicker.cs using Guid(f2aab41a14859d2419aaaea7ff3acb2f) Importer(815301076,1909f56bfc062723c751e8b465ee728b)  -> (artifact id: 'a394b7e915e7496ec6dd497100c945d8') in 0.025135 seconds
  Import took 0.026780 seconds .

========================================================================
Received Import Request.
  Time since last request: 131.661697 seconds.
  path: Assets/__Scripts/ApplePicker.cs
  artifactKey: Guid(f2aab41a14859d2419aaaea7ff3acb2f) Importer(815301076,1909f56bfc062723c751e8b465ee728b)
Start importing Assets/__Scripts/ApplePicker.cs using Guid(f2aab41a14859d2419aaaea7ff3acb2f) Importer(815301076,1909f56bfc062723c751e8b465ee728b)  -> (artifact id: '42a705e840d0e8ef60a5e362c3db7105') in 0.001759 seconds
  Import took 0.003651 seconds .

========================================================================
Received Import Request.
  Time since last request: 0.000378 seconds.
  path: Assets/__Scripts/ApplePicker.cs
  artifactKey: Guid(f2aab41a14859d2419aaaea7ff3acb2f) Importer(815301076,1909f56bfc062723c751e8b465ee728b)
Start importing Assets/__Scripts/ApplePicker.cs using Guid(f2aab41a14859d2419aaaea7ff3acb2f) Importer(815301076,1909f56bfc062723c751e8b465ee728b)  -> (artifact id: '42a705e840d0e8ef60a5e362c3db7105') in 0.001466 seconds
  Import took 0.002484 seconds .

========================================================================
Received Prepare
Registering precompiled user dll's ...
Registered in 0.000460 seconds.
Begin MonoManager ReloadAssembly
Native extension for WindowsStandalone target not found
Refreshing native plugins compatible for Editor in 0.24 ms, found 0 plugins.
Preloading 0 native plugins for Editor in 0.00 ms.
Mono: successfully reloaded assembly
- Completed reload, in  0.563 seconds
Platform modules already initialized, skipping
Refreshing native plugins compatible for Editor in 0.16 ms, found 0 plugins.
Preloading 0 native plugins for Editor in 0.00 ms.
Unloading 1114 Unused Serialized files (Serialized files now loaded: 0)
System memory in use before: 57.2 MB.
System memory in use after: 57.3 MB.

Unloading 5 unused Assets to reduce memory usage. Loaded Objects now: 1564.
Total: 1.457000 ms (FindLiveObjects: 0.137800 ms CreateObjectMapping: 0.033100 ms MarkObjects: 1.247200 ms  DeleteObjects: 0.038100 ms)

========================================================================
Received Prepare
Registering precompiled user dll's ...
Registered in 0.000523 seconds.
Begin MonoManager ReloadAssembly
Native extension for WindowsStandalone target not found
Refreshing native plugins compatible for Editor in 0.23 ms, found 0 plugins.
Preloading 0 native plugins for Editor in 0.00 ms.
Mono: successfully reloaded assembly
- Completed reload, in  0.568 seconds
Platform modules already initialized, skipping
Refreshing native plugins compatible for Editor in 0.14 ms, found 0 plugins.
Preloading 0 native plugins for Editor in 0.00 ms.
Unloading 1114 Unused Serialized files (Serialized files now loaded: 0)
System memory in use before: 57.2 MB.
System memory in use after: 57.3 MB.

Unloading 5 unused Assets to reduce memory usage. Loaded Objects now: 1567.
Total: 1.774100 ms (FindLiveObjects: 0.133500 ms CreateObjectMapping: 0.029300 ms MarkObjects: 1.575300 ms  DeleteObjects: 0.034900 ms)

========================================================================
Received Prepare
Registering precompiled user dll's ...
Registered in 0.000477 seconds.
Begin MonoManager ReloadAssembly
Native extension for WindowsStandalone target not found
Refreshing native plugins compatible for Editor in 0.23 ms, found 0 plugins.
Preloading 0 native plugins for Editor in 0.00 ms.
Mono: successfully reloaded assembly
- Completed reload, in  0.558 seconds
Platform modules already initialized, skipping
Refreshing native plugins compatible for Editor in 0.20 ms, found 0 plugins.
Preloading 0 native plugins for Editor in 0.00 ms.
Unloading 1114 Unused Serialized files (Serialized files now loaded: 0)
System memory in use before: 57.2 MB.
System memory in use after: 57.3 MB.

Unloading 5 unused Assets to reduce memory usage. Loaded Objects now: 1570.
Total: 1.464300 ms (FindLiveObjects: 0.134500 ms CreateObjectMapping: 0.028700 ms MarkObjects: 1.265100 ms  DeleteObjects: 0.035000 ms)

========================================================================
Received Prepare
Registering precompiled user dll's ...
Registered in 0.000442 seconds.
Begin MonoManager ReloadAssembly
Native extension for WindowsStandalone target not found
Refreshing native plugins compatible for Editor in 0.23 ms, found 0 plugins.
Preloading 0 native plugins for Editor in 0.00 ms.
Mono: successfully reloaded assembly
- Completed reload, in  0.548 seconds
Platform modules already initialized, skipping
Refreshing native plugins compatible for Editor in 0.14 ms, found 0 plugins.
Preloading 0 native plugins for Editor in 0.00 ms.
Unloading 1114 Unused Serialized files (Serialized files now loaded: 0)
System memory in use before: 57.2 MB.
System memory in use after: 57.3 MB.

Unloading 5 unused Assets to reduce memory usage. Loaded Objects now: 1573.
Total: 1.573100 ms (FindLiveObjects: 0.161800 ms CreateObjectMapping: 0.085700 ms MarkObjects: 1.295900 ms  DeleteObjects: 0.029000 ms)

