Using pre-set license
Built from '2020.3/release' branch; Version is '2020.3.7f1 (dd97f2c94397) revision 14522354'; Using compiler version '192528614'; Build Type 'Release'
OS: 'Windows 10 Pro; OS build 19043.1110; Version 2009; 64bit' Language: 'en' Physical Memory: 32712 MB
BatchMode: 1, IsHumanControllingUs: 0, StartBugReporterOnCrash: 0, Is64bit: 1, IsPro: 0

 COMMAND LINE ARGUMENTS:
C:\Program Files\Unity\Hub\Editor\2020.3.7f1\Editor\Unity.exe
-adb2
-batchMode
-noUpm
-name
AssetImportWorker0
-projectPath
C:/Users/diego/Documents/GitHub/ApplePicker2020/ApplePicker2020
-logFile
Logs/AssetImportWorker0.log
-srvPort
49543
Successfully changed project path to: C:/Users/diego/Documents/GitHub/ApplePicker2020/ApplePicker2020
C:/Users/diego/Documents/GitHub/ApplePicker2020/ApplePicker2020
Using Asset Import Pipeline V2.
Refreshing native plugins compatible for Editor in 18.25 ms, found 0 plugins.
Preloading 0 native plugins for Editor in 0.00 ms.
Initialize engine version: 2020.3.7f1 (dd97f2c94397)
[Subsystems] Discovering subsystems at path C:/Program Files/Unity/Hub/Editor/2020.3.7f1/Editor/Data/Resources/UnitySubsystems
[Subsystems] Discovering subsystems at path C:/Users/diego/Documents/GitHub/ApplePicker2020/ApplePicker2020/Assets
GfxDevice: creating device client; threaded=0
Direct3D:
    Version:  Direct3D 11.0 [level 11.1]
    Renderer: NVIDIA GeForce GTX 1080 (ID=0x1b80)
    Vendor:   
    VRAM:     8079 MB
    Driver:   27.21.14.6627
Initialize mono
Mono path[0] = 'C:/Program Files/Unity/Hub/Editor/2020.3.7f1/Editor/Data/Managed'
Mono path[1] = 'C:/Program Files/Unity/Hub/Editor/2020.3.7f1/Editor/Data/MonoBleedingEdge/lib/mono/unityjit'
Mono config path = 'C:/Program Files/Unity/Hub/Editor/2020.3.7f1/Editor/Data/MonoBleedingEdge/etc'
Using monoOptions --debugger-agent=transport=dt_socket,embedding=1,server=y,suspend=n,address=127.0.0.1:56872
Begin MonoManager ReloadAssembly
Registering precompiled unity dll's ...
Register platform support module: C:/Program Files/Unity/Hub/Editor/2020.3.7f1/Editor/Data/PlaybackEngines/WindowsStandaloneSupport/UnityEditor.WindowsStandalone.Extensions.dll
Registered in 0.001710 seconds.
Native extension for WindowsStandalone target not found
Refreshing native plugins compatible for Editor in 18.97 ms, found 0 plugins.
Preloading 0 native plugins for Editor in 0.00 ms.
Mono: successfully reloaded assembly
- Completed reload, in  0.862 seconds
Platform modules already initialized, skipping
Registering precompiled user dll's ...
Registered in 0.000640 seconds.
Begin MonoManager ReloadAssembly
Native extension for WindowsStandalone target not found
Refreshing native plugins compatible for Editor in 0.23 ms, found 0 plugins.
Preloading 0 native plugins for Editor in 0.00 ms.
Mono: successfully reloaded assembly
- Completed reload, in  0.627 seconds
Platform modules already initialized, skipping
========================================================================
Worker process is ready to serve import requests
Launched and connected shader compiler UnityShaderCompiler.exe after 0.04 seconds
Refreshing native plugins compatible for Editor in 0.23 ms, found 0 plugins.
Preloading 0 native plugins for Editor in 0.00 ms.
Unloading 1119 Unused Serialized files (Serialized files now loaded: 0)
System memory in use before: 57.1 MB.
System memory in use after: 57.2 MB.

Unloading 9 unused Assets to reduce memory usage. Loaded Objects now: 1562.
Total: 1.683900 ms (FindLiveObjects: 0.150700 ms CreateObjectMapping: 0.029200 ms MarkObjects: 1.450800 ms  DeleteObjects: 0.052400 ms)

========================================================================
Received Import Request.
  path: Assets/_Scenes/_Scene 0.unity
  artifactKey: Guid(9fc0d4010bbf28b4594072e72b8655ab) Importer(815301076,1909f56bfc062723c751e8b465ee728b)
Start importing Assets/_Scenes/_Scene 0.unity using Guid(9fc0d4010bbf28b4594072e72b8655ab) Importer(815301076,1909f56bfc062723c751e8b465ee728b)  -> (artifact id: 'f6b6703228abde9a38de3727e367ce6f') in 0.015473 seconds
  Import took 0.018015 seconds .

========================================================================
Received Prepare
Registering precompiled user dll's ...
Registered in 0.000602 seconds.
Begin MonoManager ReloadAssembly
Native extension for WindowsStandalone target not found
Refreshing native plugins compatible for Editor in 0.42 ms, found 0 plugins.
Preloading 0 native plugins for Editor in 0.00 ms.
Mono: successfully reloaded assembly
- Completed reload, in  0.625 seconds
Platform modules already initialized, skipping
Refreshing native plugins compatible for Editor in 0.22 ms, found 0 plugins.
Preloading 0 native plugins for Editor in 0.00 ms.
Unloading 1113 Unused Serialized files (Serialized files now loaded: 0)
System memory in use before: 57.0 MB.
System memory in use after: 57.1 MB.

Unloading 4 unused Assets to reduce memory usage. Loaded Objects now: 1565.
Total: 2.615600 ms (FindLiveObjects: 0.399000 ms CreateObjectMapping: 0.041600 ms MarkObjects: 2.152000 ms  DeleteObjects: 0.017300 ms)

========================================================================
Received Prepare
Registering precompiled user dll's ...
Registered in 0.000600 seconds.
Begin MonoManager ReloadAssembly
Native extension for WindowsStandalone target not found
Refreshing native plugins compatible for Editor in 0.23 ms, found 0 plugins.
Preloading 0 native plugins for Editor in 0.00 ms.
Mono: successfully reloaded assembly
- Completed reload, in  0.602 seconds
Platform modules already initialized, skipping
Refreshing native plugins compatible for Editor in 0.27 ms, found 0 plugins.
Preloading 0 native plugins for Editor in 0.00 ms.
Unloading 1113 Unused Serialized files (Serialized files now loaded: 0)
System memory in use before: 57.0 MB.
System memory in use after: 57.1 MB.

Unloading 4 unused Assets to reduce memory usage. Loaded Objects now: 1568.
Total: 1.705300 ms (FindLiveObjects: 0.160300 ms CreateObjectMapping: 0.043000 ms MarkObjects: 1.486300 ms  DeleteObjects: 0.014700 ms)

========================================================================
Received Prepare
Registering precompiled user dll's ...
Registered in 0.000764 seconds.
Begin MonoManager ReloadAssembly
Native extension for WindowsStandalone target not found
Refreshing native plugins compatible for Editor in 0.27 ms, found 0 plugins.
Preloading 0 native plugins for Editor in 0.00 ms.
Mono: successfully reloaded assembly
- Completed reload, in  0.631 seconds
Platform modules already initialized, skipping
Refreshing native plugins compatible for Editor in 0.24 ms, found 0 plugins.
Preloading 0 native plugins for Editor in 0.00 ms.
Unloading 1117 Unused Serialized files (Serialized files now loaded: 0)
System memory in use before: 57.1 MB.
System memory in use after: 57.2 MB.

Unloading 4 unused Assets to reduce memory usage. Loaded Objects now: 1574.
Total: 1.474900 ms (FindLiveObjects: 0.156800 ms CreateObjectMapping: 0.029700 ms MarkObjects: 1.276300 ms  DeleteObjects: 0.011000 ms)

========================================================================
Received Import Request.
  Time since last request: 897.388454 seconds.
  path: Assets/__Scripts/Basket.cs
  artifactKey: Guid(9a3e426b5ce24394797a6d6d6ebfcebf) Importer(815301076,1909f56bfc062723c751e8b465ee728b)
Start importing Assets/__Scripts/Basket.cs using Guid(9a3e426b5ce24394797a6d6d6ebfcebf) Importer(815301076,1909f56bfc062723c751e8b465ee728b)  -> (artifact id: '1b11f299f25542b05b6c668926ec0a92') in 0.021693 seconds
  Import took 0.023765 seconds .

========================================================================
Received Prepare
Registering precompiled user dll's ...
Registered in 0.000607 seconds.
Begin MonoManager ReloadAssembly
Native extension for WindowsStandalone target not found
Refreshing native plugins compatible for Editor in 0.22 ms, found 0 plugins.
Preloading 0 native plugins for Editor in 0.00 ms.
Mono: successfully reloaded assembly
- Completed reload, in  0.602 seconds
Platform modules already initialized, skipping
Refreshing native plugins compatible for Editor in 0.23 ms, found 0 plugins.
Preloading 0 native plugins for Editor in 0.00 ms.
Unloading 1117 Unused Serialized files (Serialized files now loaded: 0)
System memory in use before: 57.1 MB.
System memory in use after: 57.2 MB.

Unloading 4 unused Assets to reduce memory usage. Loaded Objects now: 1576.
Total: 1.616400 ms (FindLiveObjects: 0.150000 ms CreateObjectMapping: 0.026000 ms MarkObjects: 1.427500 ms  DeleteObjects: 0.012000 ms)

========================================================================
Received Prepare
Registering precompiled user dll's ...
Registered in 0.000650 seconds.
Begin MonoManager ReloadAssembly
Native extension for WindowsStandalone target not found
Refreshing native plugins compatible for Editor in 0.24 ms, found 0 plugins.
Preloading 0 native plugins for Editor in 0.00 ms.
Mono: successfully reloaded assembly
- Completed reload, in  0.606 seconds
Platform modules already initialized, skipping
Refreshing native plugins compatible for Editor in 0.33 ms, found 0 plugins.
Preloading 0 native plugins for Editor in 0.00 ms.
Unloading 1117 Unused Serialized files (Serialized files now loaded: 0)
System memory in use before: 57.1 MB.
System memory in use after: 57.2 MB.

Unloading 4 unused Assets to reduce memory usage. Loaded Objects now: 1578.
Total: 2.865600 ms (FindLiveObjects: 0.287500 ms CreateObjectMapping: 0.116700 ms MarkObjects: 2.403000 ms  DeleteObjects: 0.056100 ms)

========================================================================
Received Prepare
Registering precompiled user dll's ...
Registered in 0.000510 seconds.
Begin MonoManager ReloadAssembly
Native extension for WindowsStandalone target not found
Refreshing native plugins compatible for Editor in 0.23 ms, found 0 plugins.
Preloading 0 native plugins for Editor in 0.00 ms.
Mono: successfully reloaded assembly
- Completed reload, in  0.598 seconds
Platform modules already initialized, skipping
Refreshing native plugins compatible for Editor in 0.27 ms, found 0 plugins.
Preloading 0 native plugins for Editor in 0.00 ms.
Unloading 1117 Unused Serialized files (Serialized files now loaded: 0)
System memory in use before: 57.1 MB.
System memory in use after: 57.2 MB.

Unloading 4 unused Assets to reduce memory usage. Loaded Objects now: 1580.
Total: 1.699700 ms (FindLiveObjects: 0.157800 ms CreateObjectMapping: 0.036000 ms MarkObjects: 1.492500 ms  DeleteObjects: 0.012500 ms)

========================================================================
Received Import Request.
  Time since last request: 604.690727 seconds.
  path: Assets/_Prefabs/Basket.prefab
  artifactKey: Guid(a907f1087be64d648a8aa0738e41bc51) Importer(815301076,1909f56bfc062723c751e8b465ee728b)
Start importing Assets/_Prefabs/Basket.prefab using Guid(a907f1087be64d648a8aa0738e41bc51) Importer(815301076,1909f56bfc062723c751e8b465ee728b)  -> (artifact id: '3d8a53492b3911ca0453001b8b64b6ed') in 0.063186 seconds
  Import took 0.065114 seconds .

========================================================================
Received Import Request.
  Time since last request: 0.039711 seconds.
  path: Assets/_Prefabs/Basket.prefab
  artifactKey: Guid(a907f1087be64d648a8aa0738e41bc51) Importer(815301076,1909f56bfc062723c751e8b465ee728b)
Start importing Assets/_Prefabs/Basket.prefab using Guid(a907f1087be64d648a8aa0738e41bc51) Importer(815301076,1909f56bfc062723c751e8b465ee728b)  -> (artifact id: '3d8a53492b3911ca0453001b8b64b6ed') in 0.007558 seconds
  Import took 0.009609 seconds .

========================================================================
Received Import Request.
  Time since last request: 8.834802 seconds.
  path: Assets/_Prefabs/Basket.prefab
  artifactKey: Guid(a907f1087be64d648a8aa0738e41bc51) Importer(815301076,1909f56bfc062723c751e8b465ee728b)
Start importing Assets/_Prefabs/Basket.prefab using Guid(a907f1087be64d648a8aa0738e41bc51) Importer(815301076,1909f56bfc062723c751e8b465ee728b)  -> (artifact id: '532fae0eca8042c0590b01b608bc94f3') in 0.011452 seconds
  Import took 0.013947 seconds .

========================================================================
Received Import Request.
  Time since last request: 0.000607 seconds.
  path: Assets/_Prefabs/Basket.prefab
  artifactKey: Guid(a907f1087be64d648a8aa0738e41bc51) Importer(815301076,1909f56bfc062723c751e8b465ee728b)
Start importing Assets/_Prefabs/Basket.prefab using Guid(a907f1087be64d648a8aa0738e41bc51) Importer(815301076,1909f56bfc062723c751e8b465ee728b)  -> (artifact id: '532fae0eca8042c0590b01b608bc94f3') in 0.007183 seconds
  Import took 0.008729 seconds .

========================================================================
Received Prepare
Registering precompiled user dll's ...
Registered in 0.000542 seconds.
Begin MonoManager ReloadAssembly
Native extension for WindowsStandalone target not found
Refreshing native plugins compatible for Editor in 0.26 ms, found 0 plugins.
Preloading 0 native plugins for Editor in 0.00 ms.
Mono: successfully reloaded assembly
- Completed reload, in  0.596 seconds
Platform modules already initialized, skipping
Refreshing native plugins compatible for Editor in 0.23 ms, found 0 plugins.
Preloading 0 native plugins for Editor in 0.00 ms.
Unloading 1117 Unused Serialized files (Serialized files now loaded: 0)
System memory in use before: 60.2 MB.
System memory in use after: 60.3 MB.

Unloading 4 unused Assets to reduce memory usage. Loaded Objects now: 1590.
Total: 2.055800 ms (FindLiveObjects: 0.167400 ms CreateObjectMapping: 0.034900 ms MarkObjects: 1.839600 ms  DeleteObjects: 0.013000 ms)

========================================================================
Received Import Request.
  Time since last request: 130.232064 seconds.
  path: Assets/__Scripts/Basket.cs
  artifactKey: Guid(9a3e426b5ce24394797a6d6d6ebfcebf) Importer(815301076,1909f56bfc062723c751e8b465ee728b)
Start importing Assets/__Scripts/Basket.cs using Guid(9a3e426b5ce24394797a6d6d6ebfcebf) Importer(815301076,1909f56bfc062723c751e8b465ee728b)  -> (artifact id: '4fd5de1d0e82125a60badfd252d90500') in 0.006187 seconds
  Import took 0.008126 seconds .

========================================================================
Received Import Request.
  Time since last request: 0.002769 seconds.
  path: Assets/__Scripts/Basket.cs
  artifactKey: Guid(9a3e426b5ce24394797a6d6d6ebfcebf) Importer(815301076,1909f56bfc062723c751e8b465ee728b)
Start importing Assets/__Scripts/Basket.cs using Guid(9a3e426b5ce24394797a6d6d6ebfcebf) Importer(815301076,1909f56bfc062723c751e8b465ee728b)  -> (artifact id: '4fd5de1d0e82125a60badfd252d90500') in 0.002301 seconds
  Import took 0.004604 seconds .

========================================================================
Received Import Request.
  Time since last request: 1.146415 seconds.
  path: Assets/_Prefabs/Apple.prefab
  artifactKey: Guid(4b9cbbd33bff98a49a48410ccecd6efb) Importer(815301076,1909f56bfc062723c751e8b465ee728b)
Start importing Assets/_Prefabs/Apple.prefab using Guid(4b9cbbd33bff98a49a48410ccecd6efb) Importer(815301076,1909f56bfc062723c751e8b465ee728b)  -> (artifact id: 'aaea5ec95c4e84427f7311c0f8ee15a4') in 0.046885 seconds
  Import took 0.049935 seconds .

========================================================================
Received Import Request.
  Time since last request: 0.035897 seconds.
  path: Assets/_Prefabs/Apple.prefab
  artifactKey: Guid(4b9cbbd33bff98a49a48410ccecd6efb) Importer(815301076,1909f56bfc062723c751e8b465ee728b)
Start importing Assets/_Prefabs/Apple.prefab using Guid(4b9cbbd33bff98a49a48410ccecd6efb) Importer(815301076,1909f56bfc062723c751e8b465ee728b)  -> (artifact id: 'aaea5ec95c4e84427f7311c0f8ee15a4') in 0.008757 seconds
  Import took 0.010676 seconds .

========================================================================
Received Prepare
Registering precompiled user dll's ...
Registered in 0.000487 seconds.
Begin MonoManager ReloadAssembly
Native extension for WindowsStandalone target not found
Refreshing native plugins compatible for Editor in 0.26 ms, found 0 plugins.
Preloading 0 native plugins for Editor in 0.00 ms.
Mono: successfully reloaded assembly
- Completed reload, in  0.610 seconds
Platform modules already initialized, skipping
Refreshing native plugins compatible for Editor in 0.22 ms, found 0 plugins.
Preloading 0 native plugins for Editor in 0.00 ms.
Unloading 1117 Unused Serialized files (Serialized files now loaded: 0)
System memory in use before: 60.3 MB.
System memory in use after: 60.4 MB.

Unloading 4 unused Assets to reduce memory usage. Loaded Objects now: 1594.
Total: 2.877200 ms (FindLiveObjects: 0.267300 ms CreateObjectMapping: 0.066800 ms MarkObjects: 2.518000 ms  DeleteObjects: 0.023600 ms)

========================================================================
Received Prepare
Registering precompiled user dll's ...
Registered in 0.000682 seconds.
Begin MonoManager ReloadAssembly
Native extension for WindowsStandalone target not found
Refreshing native plugins compatible for Editor in 0.24 ms, found 0 plugins.
Preloading 0 native plugins for Editor in 0.00 ms.
Mono: successfully reloaded assembly
- Completed reload, in  0.597 seconds
Platform modules already initialized, skipping
Refreshing native plugins compatible for Editor in 0.24 ms, found 0 plugins.
Preloading 0 native plugins for Editor in 0.00 ms.
Unloading 1117 Unused Serialized files (Serialized files now loaded: 0)
System memory in use before: 60.3 MB.
System memory in use after: 60.4 MB.

Unloading 4 unused Assets to reduce memory usage. Loaded Objects now: 1596.
Total: 1.557500 ms (FindLiveObjects: 0.168500 ms CreateObjectMapping: 0.029000 ms MarkObjects: 1.346300 ms  DeleteObjects: 0.012600 ms)

========================================================================
Received Import Request.
  Time since last request: 218.795269 seconds.
  path: Assets/__Scripts/ApplePicker.cs
  artifactKey: Guid(f2aab41a14859d2419aaaea7ff3acb2f) Importer(815301076,1909f56bfc062723c751e8b465ee728b)
Start importing Assets/__Scripts/ApplePicker.cs using Guid(f2aab41a14859d2419aaaea7ff3acb2f) Importer(815301076,1909f56bfc062723c751e8b465ee728b)  -> (artifact id: '2e89c988ebb90b013aad74348ca4c87a') in 0.009354 seconds
  Import took 0.011277 seconds .

========================================================================
Received Import Request.
  Time since last request: 0.019313 seconds.
  path: Assets/__Scripts/ApplePicker.cs
  artifactKey: Guid(f2aab41a14859d2419aaaea7ff3acb2f) Importer(815301076,1909f56bfc062723c751e8b465ee728b)
Start importing Assets/__Scripts/ApplePicker.cs using Guid(f2aab41a14859d2419aaaea7ff3acb2f) Importer(815301076,1909f56bfc062723c751e8b465ee728b)  -> (artifact id: '2e89c988ebb90b013aad74348ca4c87a') in 0.002402 seconds
  Import took 0.004466 seconds .

========================================================================
Received Prepare
Registering precompiled user dll's ...
Registered in 0.000659 seconds.
Begin MonoManager ReloadAssembly
Native extension for WindowsStandalone target not found
Refreshing native plugins compatible for Editor in 0.32 ms, found 0 plugins.
Preloading 0 native plugins for Editor in 0.00 ms.
Mono: successfully reloaded assembly
- Completed reload, in  0.600 seconds
Platform modules already initialized, skipping
Refreshing native plugins compatible for Editor in 0.24 ms, found 0 plugins.
Preloading 0 native plugins for Editor in 0.00 ms.
Unloading 1117 Unused Serialized files (Serialized files now loaded: 0)
System memory in use before: 60.3 MB.
System memory in use after: 60.4 MB.

Unloading 4 unused Assets to reduce memory usage. Loaded Objects now: 1598.
Total: 1.646500 ms (FindLiveObjects: 0.159300 ms CreateObjectMapping: 0.042700 ms MarkObjects: 1.429600 ms  DeleteObjects: 0.013500 ms)

